[08-Jun-2025 17:36:17 Europe/Berlin] PHP Fatal error:  Uncaught Error: Call to undefined method Kreait\Firebase\Factory::create() in C:\Users\Maky\Documents\xampp\htdocs\Ally\process_match.php:28
Stack trace:
#0 {main}
  thrown in C:\Users\Maky\Documents\xampp\htdocs\Ally\process_match.php on line 28
[08-Jun-2025 17:42:45 Europe/Berlin] PHP Fatal error:  Uncaught Error: Call to undefined method Kreait\Firebase\Factory::create() in C:\Users\Maky\Documents\xampp\htdocs\Ally\process_match.php:28
Stack trace:
#0 {main}
  thrown in C:\Users\Maky\Documents\xampp\htdocs\Ally\process_match.php on line 28
[08-Jun-2025 20:37:15 Europe/Berlin] PHP Warning:  Undefined variable $serviceAccount in C:\Users\Maky\Documents\xampp\htdocs\Ally\process_match.php on line 26
[08-Jun-2025 20:37:15 Europe/Berlin] PHP Fatal error:  Uncaught TypeError: Kreait\Firebase\Factory::withServiceAccount(): Argument #1 ($value) must be of type array|string, null given, called in C:\Users\Maky\Documents\xampp\htdocs\Ally\process_match.php on line 26 and defined in C:\Users\Maky\Documents\xampp\htdocs\Ally\vendor\kreait\firebase-php\src\Firebase\Factory.php:149
Stack trace:
#0 C:\Users\Maky\Documents\xampp\htdocs\Ally\process_match.php(26): Kreait\Firebase\Factory->withServiceAccount(NULL)
#1 {main}
  thrown in C:\Users\Maky\Documents\xampp\htdocs\Ally\vendor\kreait\firebase-php\src\Firebase\Factory.php on line 149
[08-Jun-2025 21:35:48 Europe/Berlin] Firebase Initialization Error in process_match.php: Unable to create a FirestoreClient: Class "Google\Cloud\Firestore\FirestoreClient" not found
[09-Jun-2025 09:53:00 Europe/Berlin] JSON Decode Error in process_match.php: Syntax error
[09-Jun-2025 10:52:23 Europe/Berlin] JSON Decode Error in process_match.php: Syntax error
[09-Jun-2025 11:19:11 Europe/Berlin] JSON Decode Error in process_match.php: Syntax error
[09-Jun-2025 11:21:24 Europe/Berlin] JSON Decode Error in process_match.php: Syntax error
[09-Jun-2025 11:21:44 Europe/Berlin] JSON Decode Error in process_match.php: Syntax error
[09-Jun-2025 11:23:19 Europe/Berlin] JSON Decode Error in process_match.php: Syntax error
[09-Jun-2025 11:23:26 Europe/Berlin] JSON Decode Error in process_match.php: Syntax error
[09-Jun-2025 11:24:43 Europe/Berlin] JSON Decode Error in process_match.php: Syntax error
[09-Jun-2025 11:26:42 Europe/Berlin] PHP Fatal error:  Uncaught Error: Call to undefined method Kreait\Firebase\Firestore::collection() in C:\Users\Maky\Documents\xampp\htdocs\Ally\process_match.php:62
Stack trace:
#0 {main}
  thrown in C:\Users\Maky\Documents\xampp\htdocs\Ally\process_match.php on line 62
[09-Jun-2025 11:29:34 Europe/Berlin] PHP Fatal error:  Uncaught Error: Call to undefined method Kreait\Firebase\Firestore::collection() in C:\Users\Maky\Documents\xampp\htdocs\Ally\process_match.php:62
Stack trace:
#0 {main}
  thrown in C:\Users\Maky\Documents\xampp\htdocs\Ally\process_match.php on line 62
[09-Jun-2025 11:37:59 Europe/Berlin] PHP Fatal error:  Uncaught Error: Call to undefined method Kreait\Firebase\Firestore::collection() in C:\Users\Maky\Documents\xampp\htdocs\Ally\process_match.php:62
Stack trace:
#0 {main}
  thrown in C:\Users\Maky\Documents\xampp\htdocs\Ally\process_match.php on line 62
[09-Jun-2025 11:46:42 Europe/Berlin] Service account file check: OK. Path: C:\Users\Maky\Documents\xampp\firebase_keys\ally-user-firebase-adminsdk-fbsvc-906afc6b8b.json
[09-Jun-2025 11:46:42 Europe/Berlin] Firebase Initialization: Firestore client successfully created (or attempted).
[09-Jun-2025 11:46:42 Europe/Berlin] Var_dump of $firestore object:
object(Kreait\Firebase\Firestore)#827 (1) {
  ["client":"Kreait\Firebase\Firestore":private]=>
  object(Google\Cloud\Firestore\FirestoreClient)#13 (4) {
    ["connection":"Google\Cloud\Firestore\FirestoreClient":private]=>
    object(Google\Cloud\Firestore\Connection\Grpc)#14 (5) {
      ["serializer"]=>
      string(25) "Google\ApiCore\Serializer"
      ["firestore"]=>
      string(41) "Google\Cloud\Firestore\V1\FirestoreClient"
      ["resourcePrefixHeader"]=>
      string(38) "projects/ally-user/databases/(default)"
      ["databaseRoutingHeader"]=>
      string(42) "project_id=ally-user&database_id=(default)"
      ["isUsingEmulator"]=>
      bool(false)
    }
    ["database":"Google\Cloud\Firestore\FirestoreClient":private]=>
    string(9) "(default)"
    ["valueMapper":"Google\Cloud\Firestore\FirestoreClient":private]=>
    object(Google\Cloud\Firestore\ValueMapper)#844 (2) {
      ["connection"]=>
      string(38) "Google\Cloud\Firestore\Connection\Grpc"
      ["returnInt64AsObject"]=>
      bool(false)
    }
    ["projectId":"Google\Cloud\Firestore\FirestoreClient":private]=>
    string(9) "ally-user"
  }
}

[09-Jun-2025 11:46:42 Europe/Berlin] PHP Fatal error:  Uncaught Error: Call to undefined method Kreait\Firebase\Firestore::collection() in C:\Users\Maky\Documents\xampp\htdocs\Ally\process_match.php:83
Stack trace:
#0 {main}
  thrown in C:\Users\Maky\Documents\xampp\htdocs\Ally\process_match.php on line 83
[09-Jun-2025 11:48:33 Europe/Berlin] Service account file check: OK. Path: C:\Users\Maky\Documents\xampp\firebase_keys\ally-user-firebase-adminsdk-fbsvc-906afc6b8b.json
[09-Jun-2025 11:48:33 Europe/Berlin] Firebase Initialization: Firestore client successfully created (or attempted).
[09-Jun-2025 11:48:33 Europe/Berlin] Var_dump of $firestore object:
object(Kreait\Firebase\Firestore)#827 (1) {
  ["client":"Kreait\Firebase\Firestore":private]=>
  object(Google\Cloud\Firestore\FirestoreClient)#13 (4) {
    ["connection":"Google\Cloud\Firestore\FirestoreClient":private]=>
    object(Google\Cloud\Firestore\Connection\Grpc)#14 (5) {
      ["serializer"]=>
      string(25) "Google\ApiCore\Serializer"
      ["firestore"]=>
      string(41) "Google\Cloud\Firestore\V1\FirestoreClient"
      ["resourcePrefixHeader"]=>
      string(38) "projects/ally-user/databases/(default)"
      ["databaseRoutingHeader"]=>
      string(42) "project_id=ally-user&database_id=(default)"
      ["isUsingEmulator"]=>
      bool(false)
    }
    ["database":"Google\Cloud\Firestore\FirestoreClient":private]=>
    string(9) "(default)"
    ["valueMapper":"Google\Cloud\Firestore\FirestoreClient":private]=>
    object(Google\Cloud\Firestore\ValueMapper)#844 (2) {
      ["connection"]=>
      string(38) "Google\Cloud\Firestore\Connection\Grpc"
      ["returnInt64AsObject"]=>
      bool(false)
    }
    ["projectId":"Google\Cloud\Firestore\FirestoreClient":private]=>
    string(9) "ally-user"
  }
}

[09-Jun-2025 11:48:37 Europe/Berlin] Service account file check: OK. Path: C:\Users\Maky\Documents\xampp\firebase_keys\ally-user-firebase-adminsdk-fbsvc-906afc6b8b.json
[09-Jun-2025 11:48:37 Europe/Berlin] Firebase Initialization: Firestore client successfully created (or attempted).
[09-Jun-2025 11:48:37 Europe/Berlin] Var_dump of $firestore object:
object(Kreait\Firebase\Firestore)#827 (1) {
  ["client":"Kreait\Firebase\Firestore":private]=>
  object(Google\Cloud\Firestore\FirestoreClient)#13 (4) {
    ["connection":"Google\Cloud\Firestore\FirestoreClient":private]=>
    object(Google\Cloud\Firestore\Connection\Grpc)#14 (5) {
      ["serializer"]=>
      string(25) "Google\ApiCore\Serializer"
      ["firestore"]=>
      string(41) "Google\Cloud\Firestore\V1\FirestoreClient"
      ["resourcePrefixHeader"]=>
      string(38) "projects/ally-user/databases/(default)"
      ["databaseRoutingHeader"]=>
      string(42) "project_id=ally-user&database_id=(default)"
      ["isUsingEmulator"]=>
      bool(false)
    }
    ["database":"Google\Cloud\Firestore\FirestoreClient":private]=>
    string(9) "(default)"
    ["valueMapper":"Google\Cloud\Firestore\FirestoreClient":private]=>
    object(Google\Cloud\Firestore\ValueMapper)#844 (2) {
      ["connection"]=>
      string(38) "Google\Cloud\Firestore\Connection\Grpc"
      ["returnInt64AsObject"]=>
      bool(false)
    }
    ["projectId":"Google\Cloud\Firestore\FirestoreClient":private]=>
    string(9) "ally-user"
  }
}

[09-Jun-2025 11:51:02 Europe/Berlin] Service account file check: OK. Path: C:\Users\Maky\Documents\xampp\firebase_keys\ally-user-firebase-adminsdk-fbsvc-906afc6b8b.json
[09-Jun-2025 11:51:02 Europe/Berlin] Firebase Initialization: Firestore client successfully created (or attempted).
[09-Jun-2025 11:51:02 Europe/Berlin] Var_dump of $firestore object:
object(Kreait\Firebase\Firestore)#827 (1) {
  ["client":"Kreait\Firebase\Firestore":private]=>
  object(Google\Cloud\Firestore\FirestoreClient)#13 (4) {
    ["connection":"Google\Cloud\Firestore\FirestoreClient":private]=>
    object(Google\Cloud\Firestore\Connection\Grpc)#14 (5) {
      ["serializer"]=>
      string(25) "Google\ApiCore\Serializer"
      ["firestore"]=>
      string(41) "Google\Cloud\Firestore\V1\FirestoreClient"
      ["resourcePrefixHeader"]=>
      string(38) "projects/ally-user/databases/(default)"
      ["databaseRoutingHeader"]=>
      string(42) "project_id=ally-user&database_id=(default)"
      ["isUsingEmulator"]=>
      bool(false)
    }
    ["database":"Google\Cloud\Firestore\FirestoreClient":private]=>
    string(9) "(default)"
    ["valueMapper":"Google\Cloud\Firestore\FirestoreClient":private]=>
    object(Google\Cloud\Firestore\ValueMapper)#844 (2) {
      ["connection"]=>
      string(38) "Google\Cloud\Firestore\Connection\Grpc"
      ["returnInt64AsObject"]=>
      bool(false)
    }
    ["projectId":"Google\Cloud\Firestore\FirestoreClient":private]=>
    string(9) "ally-user"
  }
}

[09-Jun-2025 11:55:10 Europe/Berlin] Service account file check: OK. Path: C:\Users\Maky\Documents\xampp\firebase_keys\ally-user-firebase-adminsdk-fbsvc-906afc6b8b.json
[09-Jun-2025 11:55:10 Europe/Berlin] Firebase Initialization: Firestore client successfully created (or attempted).
[09-Jun-2025 11:55:10 Europe/Berlin] Var_dump of $firestore object:
object(Kreait\Firebase\Firestore)#827 (1) {
  ["client":"Kreait\Firebase\Firestore":private]=>
  object(Google\Cloud\Firestore\FirestoreClient)#13 (4) {
    ["connection":"Google\Cloud\Firestore\FirestoreClient":private]=>
    object(Google\Cloud\Firestore\Connection\Grpc)#14 (5) {
      ["serializer"]=>
      string(25) "Google\ApiCore\Serializer"
      ["firestore"]=>
      string(41) "Google\Cloud\Firestore\V1\FirestoreClient"
      ["resourcePrefixHeader"]=>
      string(38) "projects/ally-user/databases/(default)"
      ["databaseRoutingHeader"]=>
      string(42) "project_id=ally-user&database_id=(default)"
      ["isUsingEmulator"]=>
      bool(false)
    }
    ["database":"Google\Cloud\Firestore\FirestoreClient":private]=>
    string(9) "(default)"
    ["valueMapper":"Google\Cloud\Firestore\FirestoreClient":private]=>
    object(Google\Cloud\Firestore\ValueMapper)#844 (2) {
      ["connection"]=>
      string(38) "Google\Cloud\Firestore\Connection\Grpc"
      ["returnInt64AsObject"]=>
      bool(false)
    }
    ["projectId":"Google\Cloud\Firestore\FirestoreClient":private]=>
    string(9) "ally-user"
  }
}

[09-Jun-2025 12:01:28 Europe/Berlin] DEBUG: Starting Firebase initialization block.
[09-Jun-2025 12:01:28 Europe/Berlin] Service account file check: OK. Path: C:\Users\Maky\Documents\xampp\firebase_keys\ally-user-firebase-adminsdk-fbsvc-906afc6b8b.json
[09-Jun-2025 12:01:28 Europe/Berlin] Firebase Initialization: Firestore client successfully created (or attempted).
[09-Jun-2025 12:01:28 Europe/Berlin] Var_dump of $firestore object:
object(Kreait\Firebase\Firestore)#827 (1) {
  ["client":"Kreait\Firebase\Firestore":private]=>
  object(Google\Cloud\Firestore\FirestoreClient)#13 (4) {
    ["connection":"Google\Cloud\Firestore\FirestoreClient":private]=>
    object(Google\Cloud\Firestore\Connection\Grpc)#14 (5) {
      ["serializer"]=>
      string(25) "Google\ApiCore\Serializer"
      ["firestore"]=>
      string(41) "Google\Cloud\Firestore\V1\FirestoreClient"
      ["resourcePrefixHeader"]=>
      string(38) "projects/ally-user/databases/(default)"
      ["databaseRoutingHeader"]=>
      string(42) "project_id=ally-user&database_id=(default)"
      ["isUsingEmulator"]=>
      bool(false)
    }
    ["database":"Google\Cloud\Firestore\FirestoreClient":private]=>
    string(9) "(default)"
    ["valueMapper":"Google\Cloud\Firestore\FirestoreClient":private]=>
    object(Google\Cloud\Firestore\ValueMapper)#844 (2) {
      ["connection"]=>
      string(38) "Google\Cloud\Firestore\Connection\Grpc"
      ["returnInt64AsObject"]=>
      bool(false)
    }
    ["projectId":"Google\Cloud\Firestore\FirestoreClient":private]=>
    string(9) "ally-user"
  }
}

[09-Jun-2025 12:01:28 Europe/Berlin] DEBUG: Exiting Firebase initialization block.
[09-Jun-2025 12:01:28 Europe/Berlin] DEBUG: Received input data.
[09-Jun-2025 12:01:28 Europe/Berlin] DEBUG: Input validation passed. Preference Doc ID: esjAGOHy25nNuaepYyUr
[09-Jun-2025 12:01:28 Europe/Berlin] DEBUG: Querying children collection.
[09-Jun-2025 12:01:31 Europe/Berlin] DEBUG: Starting Firebase initialization block.
[09-Jun-2025 12:01:31 Europe/Berlin] Service account file check: OK. Path: C:\Users\Maky\Documents\xampp\firebase_keys\ally-user-firebase-adminsdk-fbsvc-906afc6b8b.json
[09-Jun-2025 12:01:31 Europe/Berlin] Firebase Initialization: Firestore client successfully created (or attempted).
[09-Jun-2025 12:01:31 Europe/Berlin] Var_dump of $firestore object:
object(Kreait\Firebase\Firestore)#827 (1) {
  ["client":"Kreait\Firebase\Firestore":private]=>
  object(Google\Cloud\Firestore\FirestoreClient)#13 (4) {
    ["connection":"Google\Cloud\Firestore\FirestoreClient":private]=>
    object(Google\Cloud\Firestore\Connection\Grpc)#14 (5) {
      ["serializer"]=>
      string(25) "Google\ApiCore\Serializer"
      ["firestore"]=>
      string(41) "Google\Cloud\Firestore\V1\FirestoreClient"
      ["resourcePrefixHeader"]=>
      string(38) "projects/ally-user/databases/(default)"
      ["databaseRoutingHeader"]=>
      string(42) "project_id=ally-user&database_id=(default)"
      ["isUsingEmulator"]=>
      bool(false)
    }
    ["database":"Google\Cloud\Firestore\FirestoreClient":private]=>
    string(9) "(default)"
    ["valueMapper":"Google\Cloud\Firestore\FirestoreClient":private]=>
    object(Google\Cloud\Firestore\ValueMapper)#844 (2) {
      ["connection"]=>
      string(38) "Google\Cloud\Firestore\Connection\Grpc"
      ["returnInt64AsObject"]=>
      bool(false)
    }
    ["projectId":"Google\Cloud\Firestore\FirestoreClient":private]=>
    string(9) "ally-user"
  }
}

[09-Jun-2025 12:01:31 Europe/Berlin] DEBUG: Exiting Firebase initialization block.
[09-Jun-2025 12:01:31 Europe/Berlin] DEBUG: Received input data.
[09-Jun-2025 12:01:31 Europe/Berlin] DEBUG: Input validation passed. Preference Doc ID: esjAGOHy25nNuaepYyUr
[09-Jun-2025 12:01:31 Europe/Berlin] DEBUG: Querying children collection.
[09-Jun-2025 12:03:57 Europe/Berlin] DEBUG: Starting Firebase initialization block.
[09-Jun-2025 12:03:57 Europe/Berlin] Service account file check: OK. Path: C:\Users\Maky\Documents\xampp\firebase_keys\ally-user-firebase-adminsdk-fbsvc-906afc6b8b.json
[09-Jun-2025 12:03:57 Europe/Berlin] Firebase Initialization: Firestore client successfully created (or attempted).
[09-Jun-2025 12:03:57 Europe/Berlin] Var_dump of $firestore object:
object(Kreait\Firebase\Firestore)#827 (1) {
  ["client":"Kreait\Firebase\Firestore":private]=>
  object(Google\Cloud\Firestore\FirestoreClient)#13 (4) {
    ["connection":"Google\Cloud\Firestore\FirestoreClient":private]=>
    object(Google\Cloud\Firestore\Connection\Grpc)#14 (5) {
      ["serializer"]=>
      string(25) "Google\ApiCore\Serializer"
      ["firestore"]=>
      string(41) "Google\Cloud\Firestore\V1\FirestoreClient"
      ["resourcePrefixHeader"]=>
      string(38) "projects/ally-user/databases/(default)"
      ["databaseRoutingHeader"]=>
      string(42) "project_id=ally-user&database_id=(default)"
      ["isUsingEmulator"]=>
      bool(false)
    }
    ["database":"Google\Cloud\Firestore\FirestoreClient":private]=>
    string(9) "(default)"
    ["valueMapper":"Google\Cloud\Firestore\FirestoreClient":private]=>
    object(Google\Cloud\Firestore\ValueMapper)#844 (2) {
      ["connection"]=>
      string(38) "Google\Cloud\Firestore\Connection\Grpc"
      ["returnInt64AsObject"]=>
      bool(false)
    }
    ["projectId":"Google\Cloud\Firestore\FirestoreClient":private]=>
    string(9) "ally-user"
  }
}

[09-Jun-2025 12:03:57 Europe/Berlin] DEBUG: Exiting Firebase initialization block.
[09-Jun-2025 12:03:57 Europe/Berlin] DEBUG: Received input data.
[09-Jun-2025 12:03:57 Europe/Berlin] DEBUG: Input validation passed. Preference Doc ID: LZxivXSiaAoToLugBfJa
[09-Jun-2025 12:03:57 Europe/Berlin] DEBUG: Querying children collection.
[09-Jun-2025 12:03:57 Europe/Berlin] PHP Warning:  Undefined variable $childrenSnapshot in C:\Users\Maky\Documents\xampp\htdocs\Ally\process_match.php on line 72
[09-Jun-2025 12:03:57 Europe/Berlin] PHP Fatal error:  Uncaught Error: Call to a member function size() on null in C:\Users\Maky\Documents\xampp\htdocs\Ally\process_match.php:72
Stack trace:
#0 {main}
  thrown in C:\Users\Maky\Documents\xampp\htdocs\Ally\process_match.php on line 72
[09-Jun-2025 12:07:48 Europe/Berlin] DEBUG: Starting Firebase initialization block.
[09-Jun-2025 12:07:48 Europe/Berlin] Service account file check: OK. Path: C:\Users\Maky\Documents\xampp\firebase_keys\ally-user-firebase-adminsdk-fbsvc-906afc6b8b.json
[09-Jun-2025 12:07:48 Europe/Berlin] Firebase Initialization: Firestore client successfully created (or attempted).
[09-Jun-2025 12:07:48 Europe/Berlin] Var_dump of $firestore object:
object(Kreait\Firebase\Firestore)#827 (1) {
  ["client":"Kreait\Firebase\Firestore":private]=>
  object(Google\Cloud\Firestore\FirestoreClient)#13 (4) {
    ["connection":"Google\Cloud\Firestore\FirestoreClient":private]=>
    object(Google\Cloud\Firestore\Connection\Grpc)#14 (5) {
      ["serializer"]=>
      string(25) "Google\ApiCore\Serializer"
      ["firestore"]=>
      string(41) "Google\Cloud\Firestore\V1\FirestoreClient"
      ["resourcePrefixHeader"]=>
      string(38) "projects/ally-user/databases/(default)"
      ["databaseRoutingHeader"]=>
      string(42) "project_id=ally-user&database_id=(default)"
      ["isUsingEmulator"]=>
      bool(false)
    }
    ["database":"Google\Cloud\Firestore\FirestoreClient":private]=>
    string(9) "(default)"
    ["valueMapper":"Google\Cloud\Firestore\FirestoreClient":private]=>
    object(Google\Cloud\Firestore\ValueMapper)#844 (2) {
      ["connection"]=>
      string(38) "Google\Cloud\Firestore\Connection\Grpc"
      ["returnInt64AsObject"]=>
      bool(false)
    }
    ["projectId":"Google\Cloud\Firestore\FirestoreClient":private]=>
    string(9) "ally-user"
  }
}

[09-Jun-2025 12:07:48 Europe/Berlin] DEBUG: Exiting Firebase initialization block.
[09-Jun-2025 12:07:48 Europe/Berlin] DEBUG: Received input data.
[09-Jun-2025 12:07:48 Europe/Berlin] DEBUG: Input validation passed. Preference Doc ID: j0DK5KACbFsVnKvnvklg
[09-Jun-2025 12:07:48 Europe/Berlin] DEBUG: Querying children collection.
[09-Jun-2025 12:07:52 Europe/Berlin] DEBUG: Starting Firebase initialization block.
[09-Jun-2025 12:07:52 Europe/Berlin] Service account file check: OK. Path: C:\Users\Maky\Documents\xampp\firebase_keys\ally-user-firebase-adminsdk-fbsvc-906afc6b8b.json
[09-Jun-2025 12:07:52 Europe/Berlin] Firebase Initialization: Firestore client successfully created (or attempted).
[09-Jun-2025 12:07:52 Europe/Berlin] Var_dump of $firestore object:
object(Kreait\Firebase\Firestore)#827 (1) {
  ["client":"Kreait\Firebase\Firestore":private]=>
  object(Google\Cloud\Firestore\FirestoreClient)#13 (4) {
    ["connection":"Google\Cloud\Firestore\FirestoreClient":private]=>
    object(Google\Cloud\Firestore\Connection\Grpc)#14 (5) {
      ["serializer"]=>
      string(25) "Google\ApiCore\Serializer"
      ["firestore"]=>
      string(41) "Google\Cloud\Firestore\V1\FirestoreClient"
      ["resourcePrefixHeader"]=>
      string(38) "projects/ally-user/databases/(default)"
      ["databaseRoutingHeader"]=>
      string(42) "project_id=ally-user&database_id=(default)"
      ["isUsingEmulator"]=>
      bool(false)
    }
    ["database":"Google\Cloud\Firestore\FirestoreClient":private]=>
    string(9) "(default)"
    ["valueMapper":"Google\Cloud\Firestore\FirestoreClient":private]=>
    object(Google\Cloud\Firestore\ValueMapper)#844 (2) {
      ["connection"]=>
      string(38) "Google\Cloud\Firestore\Connection\Grpc"
      ["returnInt64AsObject"]=>
      bool(false)
    }
    ["projectId":"Google\Cloud\Firestore\FirestoreClient":private]=>
    string(9) "ally-user"
  }
}

[09-Jun-2025 12:07:52 Europe/Berlin] DEBUG: Exiting Firebase initialization block.
[09-Jun-2025 12:07:52 Europe/Berlin] DEBUG: Received input data.
[09-Jun-2025 12:07:52 Europe/Berlin] DEBUG: Input validation passed. Preference Doc ID: j0DK5KACbFsVnKvnvklg
[09-Jun-2025 12:07:52 Europe/Berlin] DEBUG: Querying children collection.
